<?xml version="1.0" encoding="UTF-8"?>
<!-- Generated by org.testng.reporters.JUnitReportReporter -->
<testsuite hostname="DESKTOP-N8FCF7S" failures="0" tests="1" name="demoTest.SampleTest" time="0.014" errors="0" timestamp="2022-09-18T22:49:03 IST" skipped="0">
  <testcase classname="demoTest.SampleTest" name="sampleTest" time="0.014"/>
  <system-out/>
</testsuite> <!-- demoTest.SampleTest -->
